2025-03-09 12:22:32,456 CRIT Supervisor is running as root.  Privileges were not dropped because no user is specified in the config file.  If you intend to run as root, you can set user=root in the config file to avoid this message.
2025-03-09 12:22:32,491 INFO supervisord started with pid 1
2025-03-09 12:22:33,792 INFO spawned: 'php-fpm' with pid 7
2025-03-09 12:22:34,902 INFO success: php-fpm entered RUNNING state, process has stayed up for > than 1 seconds (startsecs)
2025-03-09 13:05:16,335 INFO reaped unknown pid 36 (terminated by SIGKILL)
2025-03-09 21:46:34,193 CRIT Supervisor is running as root.  Privileges were not dropped because no user is specified in the config file.  If you intend to run as root, you can set user=root in the config file to avoid this message.
2025-03-09 21:46:34,266 INFO supervisord started with pid 1
2025-03-09 21:46:35,298 INFO spawned: 'php-fpm' with pid 7
2025-03-09 21:46:36,984 INFO success: php-fpm entered RUNNING state, process has stayed up for > than 1 seconds (startsecs)
2025-03-10 07:52:50,685 CRIT Supervisor is running as root.  Privileges were not dropped because no user is specified in the config file.  If you intend to run as root, you can set user=root in the config file to avoid this message.
2025-03-10 07:52:51,424 INFO supervisord started with pid 1
2025-03-10 07:52:52,435 INFO spawned: 'php-fpm' with pid 7
2025-03-10 07:52:53,441 INFO success: php-fpm entered RUNNING state, process has stayed up for > than 1 seconds (startsecs)
2025-03-10 12:18:43,596 CRIT Supervisor is running as root.  Privileges were not dropped because no user is specified in the config file.  If you intend to run as root, you can set user=root in the config file to avoid this message.
2025-03-10 12:18:43,740 INFO supervisord started with pid 1
2025-03-10 12:18:44,754 INFO spawned: 'php-fpm' with pid 7
2025-03-10 12:18:46,288 INFO success: php-fpm entered RUNNING state, process has stayed up for > than 1 seconds (startsecs)
2025-03-10 15:33:43,653 CRIT Supervisor is running as root.  Privileges were not dropped because no user is specified in the config file.  If you intend to run as root, you can set user=root in the config file to avoid this message.
2025-03-10 15:33:43,671 INFO supervisord started with pid 1
2025-03-10 15:33:44,679 INFO spawned: 'php-fpm' with pid 7
2025-03-10 15:33:46,098 INFO success: php-fpm entered RUNNING state, process has stayed up for > than 1 seconds (startsecs)
2025-03-10 18:10:37,983 CRIT Supervisor is running as root.  Privileges were not dropped because no user is specified in the config file.  If you intend to run as root, you can set user=root in the config file to avoid this message.
2025-03-10 18:10:38,225 INFO supervisord started with pid 1
2025-03-10 18:10:39,256 INFO spawned: 'php-fpm' with pid 7
2025-03-10 18:10:40,983 INFO success: php-fpm entered RUNNING state, process has stayed up for > than 1 seconds (startsecs)
2025-03-11 10:43:25,763 CRIT Supervisor is running as root.  Privileges were not dropped because no user is specified in the config file.  If you intend to run as root, you can set user=root in the config file to avoid this message.
2025-03-11 10:43:25,834 INFO supervisord started with pid 1
2025-03-11 10:43:26,849 INFO spawned: 'php-fpm' with pid 7
2025-03-11 10:43:28,297 INFO success: php-fpm entered RUNNING state, process has stayed up for > than 1 seconds (startsecs)
2025-03-12 13:52:22,211 CRIT Supervisor is running as root.  Privileges were not dropped because no user is specified in the config file.  If you intend to run as root, you can set user=root in the config file to avoid this message.
2025-03-12 13:52:22,268 INFO supervisord started with pid 1
2025-03-12 13:52:23,272 INFO spawned: 'php-fpm' with pid 9
2025-03-12 13:52:24,279 INFO success: php-fpm entered RUNNING state, process has stayed up for > than 1 seconds (startsecs)
2025-03-12 14:51:34,041 WARN received SIGQUIT indicating exit request
2025-03-12 14:51:34,487 INFO waiting for php-fpm to die
2025-03-12 14:51:37,849 INFO waiting for php-fpm to die
2025-03-12 14:51:38,825 INFO stopped: php-fpm (exit status 0)
2025-03-12 14:53:23,188 CRIT Supervisor is running as root.  Privileges were not dropped because no user is specified in the config file.  If you intend to run as root, you can set user=root in the config file to avoid this message.
2025-03-12 14:53:23,532 INFO supervisord started with pid 1
2025-03-12 14:53:24,602 INFO spawned: 'php-fpm' with pid 8
2025-03-12 14:53:25,628 INFO success: php-fpm entered RUNNING state, process has stayed up for > than 1 seconds (startsecs)
